<?xml version="1.0" encoding="UTF-8"?>
<!-- Generated by org.testng.reporters.JUnitReportReporter -->
<testsuite hostname="DESKTOP-2982B93" failures="0" tests="1" name="tests.LoginTest" time="26.032" errors="0" timestamp="2025-09-05T18:19:42 IST" skipped="0">
  <testcase classname="tests.LoginTest" name="testValidLogin" time="26.032"/>
</testsuite> <!-- tests.LoginTest -->
